Determining if the pthread_create exist failed with the following output:
Change Dir: /home/workspace/where-am-I/build/CMakeFiles/CMakeTmp

Run Build Command:"/usr/bin/make" "cmTC_f33fa/fast"
/usr/bin/make -f CMakeFiles/cmTC_f33fa.dir/build.make CMakeFiles/cmTC_f33fa.dir/build
make[1]: Entering directory '/home/workspace/where-am-I/build/CMakeFiles/CMakeTmp'
Building C object CMakeFiles/cmTC_f33fa.dir/CheckSymbolExists.c.o
/usr/bin/cc     -o CMakeFiles/cmTC_f33fa.dir/CheckSymbolExists.c.o   -c /home/workspace/where-am-I/build/CMakeFiles/CMakeTmp/CheckSymbolExists.c
Linking C executable cmTC_f33fa
/usr/bin/cmake -E cmake_link_script CMakeFiles/cmTC_f33fa.dir/link.txt --verbose=1
/usr/bin/cc       CMakeFiles/cmTC_f33fa.dir/CheckSymbolExists.c.o  -o cmTC_f33fa -rdynamic 
CMakeFiles/cmTC_f33fa.dir/CheckSymbolExists.c.o: In function `main':
CheckSymbolExists.c:(.text+0x16): undefined reference to `pthread_create'
collect2: error: ld returned 1 exit status
CMakeFiles/cmTC_f33fa.dir/build.make:97: recipe for target 'cmTC_f33fa' failed
make[1]: *** [cmTC_f33fa] Error 1
make[1]: Leaving directory '/home/workspace/where-am-I/build/CMakeFiles/CMakeTmp'
Makefile:126: recipe for target 'cmTC_f33fa/fast' failed
make: *** [cmTC_f33fa/fast] Error 2

File /home/workspace/where-am-I/build/CMakeFiles/CMakeTmp/CheckSymbolExists.c:
/* */
#include <pthread.h>

int main(int argc, char** argv)
{
  (void)argv;
#ifndef pthread_create
  return ((int*)(&pthread_create))[argc];
#else
  (void)argc;
  return 0;
#endif
}

Determining if the function pthread_create exists in the pthreads failed with the following output:
Change Dir: /home/workspace/where-am-I/build/CMakeFiles/CMakeTmp

Run Build Command:"/usr/bin/make" "cmTC_65c46/fast"
/usr/bin/make -f CMakeFiles/cmTC_65c46.dir/build.make CMakeFiles/cmTC_65c46.dir/build
make[1]: Entering directory '/home/workspace/where-am-I/build/CMakeFiles/CMakeTmp'
Building C object CMakeFiles/cmTC_65c46.dir/CheckFunctionExists.c.o
/usr/bin/cc    -DCHECK_FUNCTION_EXISTS=pthread_create   -o CMakeFiles/cmTC_65c46.dir/CheckFunctionExists.c.o   -c /usr/share/cmake-3.5/Modules/CheckFunctionExists.c
Linking C executable cmTC_65c46
/usr/bin/cmake -E cmake_link_script CMakeFiles/cmTC_65c46.dir/link.txt --verbose=1
/usr/bin/cc   -DCHECK_FUNCTION_EXISTS=pthread_create    CMakeFiles/cmTC_65c46.dir/CheckFunctionExists.c.o  -o cmTC_65c46 -rdynamic -lpthreads 
/usr/bin/ld: cannot find -lpthreads
collect2: error: ld returned 1 exit status
CMakeFiles/cmTC_65c46.dir/build.make:97: recipe for target 'cmTC_65c46' failed
make[1]: *** [cmTC_65c46] Error 1
make[1]: Leaving directory '/home/workspace/where-am-I/build/CMakeFiles/CMakeTmp'
Makefile:126: recipe for target 'cmTC_65c46/fast' failed
make: *** [cmTC_65c46/fast] Error 2


